
2024-07-18 11:46:44.331550 | ERROR    | Некорректная строка: 10011 Pool-1 08:15 09:30
2024-07-18 11:46:44.331550 | ERROR    | Некорректная строка: 10013 Center 07:30 10:45
2024-07-18 11:46:44.331550 | ERROR    | Некорректная строка: 10011 Center 10:00 12:55
2024-07-18 11:46:44.332946 | ERROR    | Некорректная строка: 10017 Center 09:20 11:52
2024-07-18 11:46:44.333338 | ERROR    | Некорректная строка: 10019 Pool-2 14:30
2024-07-18 11:46:44.333338 | ERROR    | Некорректная строка: 10018 Pool-1 08:00 09:00
2024-07-18 11:46:44.334151 | ERROR    | Некорректная строка: 10020 Pool-2 11:30
2024-07-18 11:47:35.121828 | ERROR    | Некорректная строка: Date,Athlete ID,Location,Type
2024-07-18 11:47:35.122825 | ERROR    | Некорректная строка: 01/01/2023 09:00:00,10012,Center,Out
2024-07-18 11:47:35.122825 | ERROR    | Некорректная строка: 01/01/2023 09:00:00,10001,Pool-1,Out
2024-07-18 11:47:35.122825 | ERROR    | Некорректная строка: 01/01/2023 09:00:00,10001,Pool-1,Out
2024-07-18 11:47:35.122825 | ERROR    | Некорректная строка: 01/01/2023 09:00:00,10011,Pool-2,In
2024-07-18 11:47:35.123821 | ERROR    | Некорректная строка: 01/01/2023 12:14:59,10011,Pool-1,In
2024-07-18 11:47:35.123821 | ERROR    | Некорректная строка: 01/01/2023 12:44:59,10011,Pool-2,Out
2024-07-18 11:47:35.123821 | ERROR    | Некорректная строка: 01/01/2023 12:14:59,10013,Center,Out
2024-07-18 11:47:35.123821 | ERROR    | Некорректная строка: 01/01/2023 12:14:59,10019,Pool-2,In
2024-07-18 11:47:35.124818 | ERROR    | Некорректная строка: 01/01/2023 16:14:59,10018,Pool-1,Out
2024-07-18 11:47:35.124818 | ERROR    | Некорректная строка: 01/01/2023 16:14:59,10020,Pool-2,Out
2024-07-18 11:47:35.124818 | ERROR    | Некорректная строка: 01/01/2023 16:14:59,10011,Pool-2,In
2024-07-18 11:47:35.124818 | ERROR    | Некорректная строка: 01/01/2023 18:39:55,10011,Center,In
2024-07-18 11:47:35.125815 | ERROR    | Некорректная строка: 01/01/2023 19:09:55,10011,Pool-2,Out
2024-07-18 11:47:35.125815 | ERROR    | Некорректная строка: 01/01/2023 18:39:55,10017,Pool-2,In
2024-07-18 11:47:35.126812 | ERROR    | Некорректная строка: 01/01/2023 20:41:40,10017,Center,In
2024-07-18 11:47:35.126812 | ERROR    | Некорректная строка: 01/01/2023 21:11:40,10017,Pool-2,Out
2024-07-18 11:50:58.193554 | ERROR    | Некорректная строка: Date,Athlete ID,Location,Type
2024-07-18 11:50:58.193554 | ERROR    | Некорректная строка: 01/01/2023 09:00:00,10012,Center,Out
2024-07-18 11:50:58.193554 | ERROR    | Некорректная строка: 01/01/2023 09:00:00,10001,Pool-1,Out
2024-07-18 11:50:58.193554 | ERROR    | Некорректная строка: 01/01/2023 09:00:00,10001,Pool-1,Out
2024-07-18 11:50:58.194551 | ERROR    | Некорректная строка: 01/01/2023 09:00:00,10011,Pool-2,In
2024-07-18 11:50:58.194794 | ERROR    | Некорректная строка: 01/01/2023 12:14:59,10011,Pool-1,In
2024-07-18 11:50:58.194965 | ERROR    | Некорректная строка: 01/01/2023 12:44:59,10011,Pool-2,Out
2024-07-18 11:50:58.194965 | ERROR    | Некорректная строка: 01/01/2023 12:14:59,10013,Center,Out
2024-07-18 11:50:58.194965 | ERROR    | Некорректная строка: 01/01/2023 12:14:59,10019,Pool-2,In
2024-07-18 11:50:58.194965 | ERROR    | Некорректная строка: 01/01/2023 16:14:59,10018,Pool-1,Out
2024-07-18 11:50:58.194965 | ERROR    | Некорректная строка: 01/01/2023 16:14:59,10020,Pool-2,Out
2024-07-18 11:50:58.194965 | ERROR    | Некорректная строка: 01/01/2023 16:14:59,10011,Pool-2,In
2024-07-18 11:50:58.194965 | ERROR    | Некорректная строка: 01/01/2023 18:39:55,10011,Center,In
2024-07-18 11:50:58.194965 | ERROR    | Некорректная строка: 01/01/2023 19:09:55,10011,Pool-2,Out
2024-07-18 11:50:58.196300 | ERROR    | Некорректная строка: 01/01/2023 18:39:55,10017,Pool-2,In
2024-07-18 11:50:58.196300 | ERROR    | Некорректная строка: 01/01/2023 20:41:40,10017,Center,In
2024-07-18 11:50:58.196300 | ERROR    | Некорректная строка: 01/01/2023 21:11:40,10017,Pool-2,Out
